17:10:01.822 [main] ERROR c.a.d.f.s.StatFilter - [mergeSql,158] - merge sql error, dbType mysql, druid-1.2.4, sql : select count(0) from ( 
--       select  fv.video_id, fv.user_id, video_cover, video_title, video_intro, video_path,
--             product_category_id, fv.create_time, video_status
--         from ffwy_video_love fvl LEFT JOIN    ffwy_video fv on fvl.video_id =fv.video_id
         where fvl.user_id = ?
 ) tmp_count
com.alibaba.druid.sql.parser.ParserException: ERROR. pos 288, line 5, column 11, token WHERE
	at com.alibaba.druid.sql.parser.SQLExprParser.primary(SQLExprParser.java:1139)
	at com.alibaba.druid.sql.dialect.mysql.parser.MySqlExprParser.primary(MySqlExprParser.java:528)
	at com.alibaba.druid.sql.parser.SQLExprParser.expr(SQLExprParser.java:95)
	at com.alibaba.druid.sql.parser.SQLSelectParser.expr(SQLSelectParser.java:1532)
	at com.alibaba.druid.sql.parser.SQLSelectParser.parseTableSourceQueryTableExpr(SQLSelectParser.java:1112)
	at com.alibaba.druid.sql.dialect.mysql.parser.MySqlSelectParser.parseTableSource(MySqlSelectParser.java:507)
	at com.alibaba.druid.sql.dialect.mysql.parser.MySqlSelectParser.parseTableSource(MySqlSelectParser.java:337)
	at com.alibaba.druid.sql.dialect.mysql.parser.MySqlSelectParser.parseTableSource(MySqlSelectParser.java:427)
	at com.alibaba.druid.sql.dialect.mysql.parser.MySqlSelectParser.parseFrom(MySqlSelectParser.java:101)
	at com.alibaba.druid.sql.dialect.mysql.parser.MySqlSelectParser.query(MySqlSelectParser.java:247)
	at com.alibaba.druid.sql.parser.SQLSelectParser.query(SQLSelectParser.java:372)
	at com.alibaba.druid.sql.parser.SQLSelectParser.select(SQLSelectParser.java:61)
	at com.alibaba.druid.sql.dialect.mysql.parser.MySqlStatementParser.parseSelect(MySqlStatementParser.java:124)
	at com.alibaba.druid.sql.parser.SQLStatementParser.parseStatementList(SQLStatementParser.java:204)
	at com.alibaba.druid.sql.parser.SQLStatementParser.parseStatementList(SQLStatementParser.java:113)
	at com.alibaba.druid.sql.visitor.ParameterizedOutputVisitorUtils.parameterize(ParameterizedOutputVisitorUtils.java:153)
	at com.alibaba.druid.sql.visitor.ParameterizedOutputVisitorUtils.parameterize(ParameterizedOutputVisitorUtils.java:126)
	at com.alibaba.druid.filter.stat.StatFilter.mergeSql(StatFilter.java:156)
	at com.alibaba.druid.filter.stat.StatFilter.createSqlStat(StatFilter.java:657)
	at com.alibaba.druid.filter.stat.StatFilter.statementPrepareAfter(StatFilter.java:320)
	at com.alibaba.druid.filter.FilterEventAdapter.connection_prepareStatement(FilterEventAdapter.java:124)
	at com.alibaba.druid.filter.FilterChainImpl.connection_prepareStatement(FilterChainImpl.java:568)
	at com.alibaba.druid.proxy.jdbc.ConnectionProxyImpl.prepareStatement(ConnectionProxyImpl.java:341)
	at com.alibaba.druid.pool.DruidPooledConnection.prepareStatement(DruidPooledConnection.java:351)
	at sun.reflect.GeneratedMethodAccessor87.invoke(Unknown Source)
	at sun.reflect.DelegatingMethodAccessorImpl.invoke(DelegatingMethodAccessorImpl.java:43)
	at java.lang.reflect.Method.invoke(Method.java:498)
	at org.apache.ibatis.logging.jdbc.ConnectionLogger.invoke(ConnectionLogger.java:55)
	at com.sun.proxy.$Proxy222.prepareStatement(Unknown Source)
	at org.apache.ibatis.executor.statement.PreparedStatementHandler.instantiateStatement(PreparedStatementHandler.java:86)
	at org.apache.ibatis.executor.statement.BaseStatementHandler.prepare(BaseStatementHandler.java:88)
	at org.apache.ibatis.executor.statement.RoutingStatementHandler.prepare(RoutingStatementHandler.java:59)
	at org.apache.ibatis.executor.ReuseExecutor.prepareStatement(ReuseExecutor.java:89)
	at org.apache.ibatis.executor.ReuseExecutor.doQuery(ReuseExecutor.java:59)
	at org.apache.ibatis.executor.BaseExecutor.queryFromDatabase(BaseExecutor.java:325)
	at org.apache.ibatis.executor.BaseExecutor.query(BaseExecutor.java:156)
	at org.apache.ibatis.executor.CachingExecutor.query(CachingExecutor.java:109)
	at com.github.pagehelper.util.ExecutorUtil.executeAutoCount(ExecutorUtil.java:166)
	at com.github.pagehelper.PageInterceptor.count(PageInterceptor.java:157)
	at com.github.pagehelper.PageInterceptor.intercept(PageInterceptor.java:100)
	at org.apache.ibatis.plugin.Plugin.invoke(Plugin.java:61)
	at com.sun.proxy.$Proxy330.query(Unknown Source)
	at org.apache.ibatis.session.defaults.DefaultSqlSession.selectList(DefaultSqlSession.java:147)
	at org.apache.ibatis.session.defaults.DefaultSqlSession.selectList(DefaultSqlSession.java:140)
	at sun.reflect.NativeMethodAccessorImpl.invoke0(Native Method)
	at sun.reflect.NativeMethodAccessorImpl.invoke(NativeMethodAccessorImpl.java:62)
	at sun.reflect.DelegatingMethodAccessorImpl.invoke(DelegatingMethodAccessorImpl.java:43)
	at java.lang.reflect.Method.invoke(Method.java:498)
	at org.mybatis.spring.SqlSessionTemplate$SqlSessionInterceptor.invoke(SqlSessionTemplate.java:426)
	at com.sun.proxy.$Proxy125.selectList(Unknown Source)
	at org.mybatis.spring.SqlSessionTemplate.selectList(SqlSessionTemplate.java:223)
	at org.apache.ibatis.binding.MapperMethod.executeForMany(MapperMethod.java:147)
	at org.apache.ibatis.binding.MapperMethod.execute(MapperMethod.java:80)
	at org.apache.ibatis.binding.MapperProxy$PlainMethodInvoker.invoke(MapperProxy.java:152)
	at org.apache.ibatis.binding.MapperProxy.invoke(MapperProxy.java:85)
	at com.sun.proxy.$Proxy181.selectFfwyVideoByLike(Unknown Source)
	at com.ruoyi.back.service.impl.FfwyVideoServiceImpl.selectFfwyVideoByLike(FfwyVideoServiceImpl.java:165)
	at com.ruoyi.TestVideo.test1(TestVideo.java:21)
	at sun.reflect.NativeMethodAccessorImpl.invoke0(Native Method)
	at sun.reflect.NativeMethodAccessorImpl.invoke(NativeMethodAccessorImpl.java:62)
	at sun.reflect.DelegatingMethodAccessorImpl.invoke(DelegatingMethodAccessorImpl.java:43)
	at java.lang.reflect.Method.invoke(Method.java:498)
	at org.junit.runners.model.FrameworkMethod$1.runReflectiveCall(FrameworkMethod.java:59)
	at org.junit.internal.runners.model.ReflectiveCallable.run(ReflectiveCallable.java:12)
	at org.junit.runners.model.FrameworkMethod.invokeExplosively(FrameworkMethod.java:56)
	at org.junit.internal.runners.statements.InvokeMethod.evaluate(InvokeMethod.java:17)
	at org.springframework.test.context.junit4.statements.RunBeforeTestExecutionCallbacks.evaluate(RunBeforeTestExecutionCallbacks.java:74)
	at org.springframework.test.context.junit4.statements.RunAfterTestExecutionCallbacks.evaluate(RunAfterTestExecutionCallbacks.java:84)
	at org.springframework.test.context.junit4.statements.RunBeforeTestMethodCallbacks.evaluate(RunBeforeTestMethodCallbacks.java:75)
	at org.springframework.test.context.junit4.statements.RunAfterTestMethodCallbacks.evaluate(RunAfterTestMethodCallbacks.java:86)
	at org.springframework.test.context.junit4.statements.SpringRepeat.evaluate(SpringRepeat.java:84)
	at org.junit.runners.ParentRunner.runLeaf(ParentRunner.java:366)
	at org.springframework.test.context.junit4.SpringJUnit4ClassRunner.runChild(SpringJUnit4ClassRunner.java:251)
	at org.springframework.test.context.junit4.SpringJUnit4ClassRunner.runChild(SpringJUnit4ClassRunner.java:97)
	at org.junit.runners.ParentRunner$4.run(ParentRunner.java:331)
	at org.junit.runners.ParentRunner$1.schedule(ParentRunner.java:79)
	at org.junit.runners.ParentRunner.runChildren(ParentRunner.java:329)
	at org.junit.runners.ParentRunner.access$100(ParentRunner.java:66)
	at org.junit.runners.ParentRunner$2.evaluate(ParentRunner.java:293)
	at org.springframework.test.context.junit4.statements.RunBeforeTestClassCallbacks.evaluate(RunBeforeTestClassCallbacks.java:61)
	at org.springframework.test.context.junit4.statements.RunAfterTestClassCallbacks.evaluate(RunAfterTestClassCallbacks.java:70)
	at org.junit.runners.ParentRunner$3.evaluate(ParentRunner.java:306)
	at org.junit.runners.ParentRunner.run(ParentRunner.java:413)
	at org.springframework.test.context.junit4.SpringJUnit4ClassRunner.run(SpringJUnit4ClassRunner.java:190)
	at org.junit.runner.JUnitCore.run(JUnitCore.java:137)
	at com.intellij.junit4.JUnit4IdeaTestRunner.startRunnerWithArgs(JUnit4IdeaTestRunner.java:68)
	at com.intellij.rt.junit.IdeaTestRunner$Repeater.startRunnerWithArgs(IdeaTestRunner.java:33)
	at com.intellij.rt.junit.JUnitStarter.prepareStreamsAndStart(JUnitStarter.java:230)
	at com.intellij.rt.junit.JUnitStarter.main(JUnitStarter.java:58)
17:17:56.853 [QuartzScheduler_RuoyiScheduler-QH-20191221KEWA1625822132434_MisfireHandler] ERROR o.s.s.q.LocalDataSourceJobStore - [manage,4017] - MisfireHandler: Error handling misfires: Failed to obtain DB connection from data source 'springNonTxDataSource.RuoyiScheduler': java.sql.SQLException
org.quartz.JobPersistenceException: Failed to obtain DB connection from data source 'springNonTxDataSource.RuoyiScheduler': java.sql.SQLException
	at org.quartz.impl.jdbcjobstore.JobStoreCMT.getNonManagedTXConnection(JobStoreCMT.java:168)
	at org.quartz.impl.jdbcjobstore.JobStoreSupport.doRecoverMisfires(JobStoreSupport.java:3246)
	at org.quartz.impl.jdbcjobstore.JobStoreSupport$MisfireHandler.manage(JobStoreSupport.java:4012)
	at org.quartz.impl.jdbcjobstore.JobStoreSupport$MisfireHandler.run(JobStoreSupport.java:4033)
Caused by: java.sql.SQLException: null
	at com.alibaba.druid.pool.DruidDataSource.getConnectionInternal(DruidDataSource.java:1688)
	at com.alibaba.druid.pool.DruidDataSource.getConnectionDirect(DruidDataSource.java:1408)
	at com.alibaba.druid.filter.FilterChainImpl.dataSource_connect(FilterChainImpl.java:5059)
	at com.alibaba.druid.filter.stat.StatFilter.dataSource_getConnection(StatFilter.java:689)
	at com.alibaba.druid.filter.FilterChainImpl.dataSource_connect(FilterChainImpl.java:5055)
	at com.alibaba.druid.pool.DruidDataSource.getConnection(DruidDataSource.java:1386)
	at com.alibaba.druid.pool.DruidDataSource.getConnection(DruidDataSource.java:1378)
	at com.alibaba.druid.pool.DruidDataSource.getConnection(DruidDataSource.java:99)
	at org.springframework.jdbc.datasource.lookup.AbstractRoutingDataSource.getConnection(AbstractRoutingDataSource.java:170)
	at org.springframework.scheduling.quartz.LocalDataSourceJobStore$2.getConnection(LocalDataSourceJobStore.java:135)
	at org.quartz.utils.DBConnectionManager.getConnection(DBConnectionManager.java:108)
	at org.quartz.impl.jdbcjobstore.JobStoreCMT.getNonManagedTXConnection(JobStoreCMT.java:165)
	... 3 common frames omitted
Caused by: java.lang.InterruptedException: null
	at java.util.concurrent.locks.AbstractQueuedSynchronizer$ConditionObject.reportInterruptAfterWait(AbstractQueuedSynchronizer.java:2014)
	at java.util.concurrent.locks.AbstractQueuedSynchronizer$ConditionObject.awaitNanos(AbstractQueuedSynchronizer.java:2088)
	at com.alibaba.druid.pool.DruidDataSource.pollLast(DruidDataSource.java:2229)
	at com.alibaba.druid.pool.DruidDataSource.getConnectionInternal(DruidDataSource.java:1669)
	... 14 common frames omitted
17:17:56.861 [QuartzScheduler_RuoyiScheduler-QH-20191221KEWA1625822132434_ClusterManager] ERROR o.s.s.q.LocalDataSourceJobStore - [manage,3941] - ClusterManager: Error managing cluster: Failed to obtain DB connection from data source 'springNonTxDataSource.RuoyiScheduler': java.sql.SQLException
org.quartz.JobPersistenceException: Failed to obtain DB connection from data source 'springNonTxDataSource.RuoyiScheduler': java.sql.SQLException
	at org.quartz.impl.jdbcjobstore.JobStoreCMT.getNonManagedTXConnection(JobStoreCMT.java:168)
	at org.quartz.impl.jdbcjobstore.JobStoreSupport.doCheckin(JobStoreSupport.java:3322)
	at org.quartz.impl.jdbcjobstore.JobStoreSupport$ClusterManager.manage(JobStoreSupport.java:3935)
	at org.quartz.impl.jdbcjobstore.JobStoreSupport$ClusterManager.run(JobStoreSupport.java:3972)
Caused by: java.sql.SQLException: null
	at com.alibaba.druid.pool.DruidDataSource.getConnectionInternal(DruidDataSource.java:1688)
	at com.alibaba.druid.pool.DruidDataSource.getConnectionDirect(DruidDataSource.java:1408)
	at com.alibaba.druid.filter.FilterChainImpl.dataSource_connect(FilterChainImpl.java:5059)
	at com.alibaba.druid.filter.stat.StatFilter.dataSource_getConnection(StatFilter.java:689)
	at com.alibaba.druid.filter.FilterChainImpl.dataSource_connect(FilterChainImpl.java:5055)
	at com.alibaba.druid.pool.DruidDataSource.getConnection(DruidDataSource.java:1386)
	at com.alibaba.druid.pool.DruidDataSource.getConnection(DruidDataSource.java:1378)
	at com.alibaba.druid.pool.DruidDataSource.getConnection(DruidDataSource.java:99)
	at org.springframework.jdbc.datasource.lookup.AbstractRoutingDataSource.getConnection(AbstractRoutingDataSource.java:170)
	at org.springframework.scheduling.quartz.LocalDataSourceJobStore$2.getConnection(LocalDataSourceJobStore.java:135)
	at org.quartz.utils.DBConnectionManager.getConnection(DBConnectionManager.java:108)
	at org.quartz.impl.jdbcjobstore.JobStoreCMT.getNonManagedTXConnection(JobStoreCMT.java:165)
	... 3 common frames omitted
Caused by: java.lang.InterruptedException: null
	at java.util.concurrent.locks.AbstractQueuedSynchronizer$ConditionObject.reportInterruptAfterWait(AbstractQueuedSynchronizer.java:2014)
	at java.util.concurrent.locks.AbstractQueuedSynchronizer$ConditionObject.awaitNanos(AbstractQueuedSynchronizer.java:2088)
	at com.alibaba.druid.pool.DruidDataSource.pollLast(DruidDataSource.java:2229)
	at com.alibaba.druid.pool.DruidDataSource.getConnectionInternal(DruidDataSource.java:1669)
	... 14 common frames omitted
